{
  "uid" : "219554e802f86c7b",
  "name" : "Purchase",
  "fullName" : "Tests.products_test.TestProducts#test_sort",
  "historyId" : "7c7be13094d757d98047515a3d3f0d96",
  "time" : {
    "start" : 1759486327669,
    "stop" : 1759486337805,
    "duration" : 10136
  },
  "status" : "broken",
  "statusMessage" : "RuntimeError: Failed to open page https://www.saucedemo.com/inventory.html",
  "statusTrace" : "self = <Pages.page_2_products.ProductsPage object at 0x7faaeed2dc10>\n\n    def open_check(self):\n        try:\n            with allure.step(f'Check if {self.page_url} is open'):\n>               self.wait.until(EC.url_contains(self.page_url))\n\nBase/Base_page.py:18: \n_ _ _ _ _ _ _ _ _ _ _ _ _ _ _ _ _ _ _ _ _ _ _ _ _ _ _ _ _ _ _ _ _ _ _ _ _ _ _ _ \n\nself = <selenium.webdriver.support.wait.WebDriverWait (session=\"262f8f032fc8c36ec544fa955de6d2c0\")>\nmethod = <function url_contains.<locals>._predicate at 0x7faaeec6d9e0>\nmessage = ''\n\n    def until(self, method: Callable[[D], Union[Literal[False], T]], message: str = \"\") -> T:\n        \"\"\"Wait until the method returns a value that is not False.\n    \n        Calls the method provided with the driver as an argument until the\n        return value does not evaluate to ``False``.\n    \n        Parameters:\n        -----------\n        method: callable(WebDriver)\n            - A callable object that takes a WebDriver instance as an argument.\n    \n        message: str\n            - Optional message for :exc:`TimeoutException`\n    \n        Return:\n        -------\n        object: T\n            - The result of the last call to `method`\n    \n        Raises:\n        -------\n        TimeoutException\n            - If 'method' does not return a truthy value within the WebDriverWait\n            object's timeout\n    \n        Example:\n        --------\n        >>> from selenium.webdriver.common.by import By\n        >>> from selenium.webdriver.support.ui import WebDriverWait\n        >>> from selenium.webdriver.support import expected_conditions as EC\n    \n        # Wait until an element is visible on the page\n        >>> wait = WebDriverWait(driver, 10)\n        >>> element = wait.until(EC.visibility_of_element_located((By.ID, \"exampleId\")))\n        >>> print(element.text)\n        \"\"\"\n        screen = None\n        stacktrace = None\n    \n        end_time = time.monotonic() + self._timeout\n        while True:\n            try:\n                value = method(self._driver)\n                if value:\n                    return value\n            except self._ignored_exceptions as exc:\n                screen = getattr(exc, \"screen\", None)\n                stacktrace = getattr(exc, \"stacktrace\", None)\n            if time.monotonic() > end_time:\n                break\n            time.sleep(self._poll)\n>       raise TimeoutException(message, screen, stacktrace)\nE       selenium.common.exceptions.TimeoutException: Message:\n\n../local/lib/python3.12/site-packages/selenium/webdriver/support/wait.py:138: TimeoutException\n\nThe above exception was the direct cause of the following exception:\n\nself = <Tests.products_test.TestProducts object at 0x7faaeecde030>\nprepare_login = <class 'Tests.products_test.TestProducts'>\n\n    @allure.title(\"Purchase\")\n    @allure.severity(\"Normal\")\n    @pytest.mark.smoke\n    def test_sort(self, prepare_login):\n    \n>       self.products_page.open_check()\n\nTests/products_test.py:13: \n_ _ _ _ _ _ _ _ _ _ _ _ _ _ _ _ _ _ _ _ _ _ _ _ _ _ _ _ _ _ _ _ _ _ _ _ _ _ _ _ \n\nself = <Pages.page_2_products.ProductsPage object at 0x7faaeed2dc10>\n\n    def open_check(self):\n        try:\n            with allure.step(f'Check if {self.page_url} is open'):\n                self.wait.until(EC.url_contains(self.page_url))\n        except Exception as e:\n            allure.attach(self.driver.get_screenshot_as_png(),\n                          name=\"Page_load_error\",\n                          attachment_type=allure.attachment_type.PNG)\n>           raise RuntimeError(f\"Failed to open page {self.page_url}\") from e\nE           RuntimeError: Failed to open page https://www.saucedemo.com/inventory.html\n\nBase/Base_page.py:23: RuntimeError",
  "flaky" : false,
  "newFailed" : false,
  "beforeStages" : [ {
    "name" : "base_url",
    "time" : {
      "start" : 1759486247352,
      "stop" : 1759486247352,
      "duration" : 0
    },
    "status" : "passed",
    "steps" : [ ],
    "attachments" : [ ],
    "parameters" : [ ],
    "stepsCount" : 0,
    "attachmentsCount" : 0,
    "shouldDisplayMessage" : false,
    "hasContent" : false
  }, {
    "name" : "setup",
    "time" : {
      "start" : 1759486327218,
      "stop" : 1759486327219,
      "duration" : 1
    },
    "status" : "passed",
    "steps" : [ ],
    "attachments" : [ ],
    "parameters" : [ ],
    "stepsCount" : 0,
    "attachmentsCount" : 0,
    "shouldDisplayMessage" : false,
    "hasContent" : false
  }, {
    "name" : "_verify_url",
    "time" : {
      "start" : 1759486247352,
      "stop" : 1759486247352,
      "duration" : 0
    },
    "status" : "passed",
    "steps" : [ ],
    "attachments" : [ ],
    "parameters" : [ ],
    "stepsCount" : 0,
    "attachmentsCount" : 0,
    "shouldDisplayMessage" : false,
    "hasContent" : false
  }, {
    "name" : "driver",
    "time" : {
      "start" : 1759486326890,
      "stop" : 1759486327218,
      "duration" : 328
    },
    "status" : "passed",
    "steps" : [ ],
    "attachments" : [ ],
    "parameters" : [ ],
    "stepsCount" : 0,
    "attachmentsCount" : 0,
    "shouldDisplayMessage" : false,
    "hasContent" : false
  }, {
    "name" : "prepare_login",
    "time" : {
      "start" : 1759486327219,
      "stop" : 1759486327668,
      "duration" : 449
    },
    "status" : "passed",
    "steps" : [ {
      "name" : "Open page https://www.saucedemo.com/",
      "time" : {
        "start" : 1759486327219,
        "stop" : 1759486327432,
        "duration" : 213
      },
      "status" : "passed",
      "steps" : [ ],
      "attachments" : [ ],
      "parameters" : [ ],
      "stepsCount" : 0,
      "attachmentsCount" : 0,
      "shouldDisplayMessage" : false,
      "hasContent" : false
    }, {
      "name" : "Check if https://www.saucedemo.com/ is open",
      "time" : {
        "start" : 1759486327432,
        "stop" : 1759486327440,
        "duration" : 8
      },
      "status" : "passed",
      "steps" : [ ],
      "attachments" : [ ],
      "parameters" : [ ],
      "stepsCount" : 0,
      "attachmentsCount" : 0,
      "shouldDisplayMessage" : false,
      "hasContent" : false
    }, {
      "name" : "Enter login",
      "time" : {
        "start" : 1759486327440,
        "stop" : 1759486327524,
        "duration" : 84
      },
      "status" : "passed",
      "steps" : [ ],
      "attachments" : [ ],
      "parameters" : [ {
        "name" : "login",
        "value" : "''"
      } ],
      "stepsCount" : 0,
      "attachmentsCount" : 0,
      "shouldDisplayMessage" : false,
      "hasContent" : true
    }, {
      "name" : "Enter password",
      "time" : {
        "start" : 1759486327524,
        "stop" : 1759486327588,
        "duration" : 64
      },
      "status" : "passed",
      "steps" : [ ],
      "attachments" : [ ],
      "parameters" : [ {
        "name" : "password",
        "value" : "''"
      } ],
      "stepsCount" : 0,
      "attachmentsCount" : 0,
      "shouldDisplayMessage" : false,
      "hasContent" : true
    }, {
      "name" : "Click submit button",
      "time" : {
        "start" : 1759486327588,
        "stop" : 1759486327668,
        "duration" : 80
      },
      "status" : "passed",
      "steps" : [ ],
      "attachments" : [ ],
      "parameters" : [ ],
      "stepsCount" : 0,
      "attachmentsCount" : 0,
      "shouldDisplayMessage" : false,
      "hasContent" : false
    } ],
    "attachments" : [ ],
    "parameters" : [ ],
    "stepsCount" : 5,
    "attachmentsCount" : 0,
    "shouldDisplayMessage" : false,
    "hasContent" : true
  }, {
    "name" : "event_loop_policy",
    "time" : {
      "start" : 1759486247353,
      "stop" : 1759486247353,
      "duration" : 0
    },
    "status" : "passed",
    "steps" : [ ],
    "attachments" : [ ],
    "parameters" : [ ],
    "stepsCount" : 0,
    "attachmentsCount" : 0,
    "shouldDisplayMessage" : false,
    "hasContent" : false
  } ],
  "testStage" : {
    "status" : "broken",
    "statusMessage" : "RuntimeError: Failed to open page https://www.saucedemo.com/inventory.html",
    "statusTrace" : "self = <Pages.page_2_products.ProductsPage object at 0x7faaeed2dc10>\n\n    def open_check(self):\n        try:\n            with allure.step(f'Check if {self.page_url} is open'):\n>               self.wait.until(EC.url_contains(self.page_url))\n\nBase/Base_page.py:18: \n_ _ _ _ _ _ _ _ _ _ _ _ _ _ _ _ _ _ _ _ _ _ _ _ _ _ _ _ _ _ _ _ _ _ _ _ _ _ _ _ \n\nself = <selenium.webdriver.support.wait.WebDriverWait (session=\"262f8f032fc8c36ec544fa955de6d2c0\")>\nmethod = <function url_contains.<locals>._predicate at 0x7faaeec6d9e0>\nmessage = ''\n\n    def until(self, method: Callable[[D], Union[Literal[False], T]], message: str = \"\") -> T:\n        \"\"\"Wait until the method returns a value that is not False.\n    \n        Calls the method provided with the driver as an argument until the\n        return value does not evaluate to ``False``.\n    \n        Parameters:\n        -----------\n        method: callable(WebDriver)\n            - A callable object that takes a WebDriver instance as an argument.\n    \n        message: str\n            - Optional message for :exc:`TimeoutException`\n    \n        Return:\n        -------\n        object: T\n            - The result of the last call to `method`\n    \n        Raises:\n        -------\n        TimeoutException\n            - If 'method' does not return a truthy value within the WebDriverWait\n            object's timeout\n    \n        Example:\n        --------\n        >>> from selenium.webdriver.common.by import By\n        >>> from selenium.webdriver.support.ui import WebDriverWait\n        >>> from selenium.webdriver.support import expected_conditions as EC\n    \n        # Wait until an element is visible on the page\n        >>> wait = WebDriverWait(driver, 10)\n        >>> element = wait.until(EC.visibility_of_element_located((By.ID, \"exampleId\")))\n        >>> print(element.text)\n        \"\"\"\n        screen = None\n        stacktrace = None\n    \n        end_time = time.monotonic() + self._timeout\n        while True:\n            try:\n                value = method(self._driver)\n                if value:\n                    return value\n            except self._ignored_exceptions as exc:\n                screen = getattr(exc, \"screen\", None)\n                stacktrace = getattr(exc, \"stacktrace\", None)\n            if time.monotonic() > end_time:\n                break\n            time.sleep(self._poll)\n>       raise TimeoutException(message, screen, stacktrace)\nE       selenium.common.exceptions.TimeoutException: Message:\n\n../local/lib/python3.12/site-packages/selenium/webdriver/support/wait.py:138: TimeoutException\n\nThe above exception was the direct cause of the following exception:\n\nself = <Tests.products_test.TestProducts object at 0x7faaeecde030>\nprepare_login = <class 'Tests.products_test.TestProducts'>\n\n    @allure.title(\"Purchase\")\n    @allure.severity(\"Normal\")\n    @pytest.mark.smoke\n    def test_sort(self, prepare_login):\n    \n>       self.products_page.open_check()\n\nTests/products_test.py:13: \n_ _ _ _ _ _ _ _ _ _ _ _ _ _ _ _ _ _ _ _ _ _ _ _ _ _ _ _ _ _ _ _ _ _ _ _ _ _ _ _ \n\nself = <Pages.page_2_products.ProductsPage object at 0x7faaeed2dc10>\n\n    def open_check(self):\n        try:\n            with allure.step(f'Check if {self.page_url} is open'):\n                self.wait.until(EC.url_contains(self.page_url))\n        except Exception as e:\n            allure.attach(self.driver.get_screenshot_as_png(),\n                          name=\"Page_load_error\",\n                          attachment_type=allure.attachment_type.PNG)\n>           raise RuntimeError(f\"Failed to open page {self.page_url}\") from e\nE           RuntimeError: Failed to open page https://www.saucedemo.com/inventory.html\n\nBase/Base_page.py:23: RuntimeError",
    "steps" : [ {
      "name" : "Check if https://www.saucedemo.com/inventory.html is open",
      "time" : {
        "start" : 1759486327669,
        "stop" : 1759486337749,
        "duration" : 10080
      },
      "status" : "broken",
      "statusMessage" : "selenium.common.exceptions.TimeoutException: Message: \n\n",
      "statusTrace" : "  File \"/usr/workspace/Base/Base_page.py\", line 18, in open_check\n    self.wait.until(EC.url_contains(self.page_url))\n  File \"/usr/local/lib/python3.12/site-packages/selenium/webdriver/support/wait.py\", line 138, in until\n    raise TimeoutException(message, screen, stacktrace)\n",
      "steps" : [ ],
      "attachments" : [ ],
      "parameters" : [ ],
      "stepsCount" : 0,
      "attachmentsCount" : 0,
      "shouldDisplayMessage" : true,
      "hasContent" : true
    } ],
    "attachments" : [ {
      "uid" : "7396a684b70c52d7",
      "name" : "Page_load_error",
      "source" : "7396a684b70c52d7.png",
      "type" : "image/png",
      "size" : 36116
    }, {
      "uid" : "14bb9158a745e391",
      "name" : "Failure_test_sort",
      "source" : "14bb9158a745e391.png",
      "type" : "image/png",
      "size" : 36116
    } ],
    "parameters" : [ ],
    "stepsCount" : 1,
    "attachmentsCount" : 2,
    "shouldDisplayMessage" : true,
    "hasContent" : true
  },
  "afterStages" : [ {
    "name" : "driver::0",
    "time" : {
      "start" : 1759486337870,
      "stop" : 1759486337935,
      "duration" : 65
    },
    "status" : "passed",
    "steps" : [ ],
    "attachments" : [ ],
    "parameters" : [ ],
    "stepsCount" : 0,
    "attachmentsCount" : 0,
    "shouldDisplayMessage" : false,
    "hasContent" : false
  } ],
  "labels" : [ {
    "name" : "feature",
    "value" : "Sort functionality"
  }, {
    "name" : "severity",
    "value" : "Normal"
  }, {
    "name" : "tag",
    "value" : "smoke"
  }, {
    "name" : "parentSuite",
    "value" : "Tests"
  }, {
    "name" : "suite",
    "value" : "products_test"
  }, {
    "name" : "subSuite",
    "value" : "TestProducts"
  }, {
    "name" : "host",
    "value" : "a53c62644d75"
  }, {
    "name" : "thread",
    "value" : "8-MainThread"
  }, {
    "name" : "framework",
    "value" : "pytest"
  }, {
    "name" : "language",
    "value" : "cpython3"
  }, {
    "name" : "package",
    "value" : "Tests.products_test"
  }, {
    "name" : "resultFormat",
    "value" : "allure2"
  } ],
  "parameters" : [ ],
  "links" : [ ],
  "hidden" : false,
  "retry" : false,
  "extra" : {
    "severity" : "normal",
    "retries" : [ ],
    "categories" : [ {
      "name" : "Test defects",
      "matchedStatuses" : [ ],
      "flaky" : false
    } ],
    "history" : {
      "statistic" : {
        "failed" : 0,
        "broken" : 4,
        "skipped" : 0,
        "passed" : 0,
        "unknown" : 0,
        "total" : 4
      },
      "items" : [ {
        "uid" : "c612390aa8d0efc8",
        "status" : "broken",
        "statusDetails" : "RuntimeError: Failed to open page https://www.saucedemo.com/inventory.html",
        "time" : {
          "start" : 1759417385003,
          "stop" : 1759417395141,
          "duration" : 10138
        }
      }, {
        "uid" : "d7962b1d6eaa63db",
        "status" : "broken",
        "statusDetails" : "RuntimeError: Failed to open page https://www.saucedemo.com/inventory.html",
        "time" : {
          "start" : 1759414416939,
          "stop" : 1759414416939,
          "duration" : 0
        }
      }, {
        "uid" : "53e29616a0a20444",
        "status" : "broken",
        "statusDetails" : "RuntimeError: Failed to open page https://www.saucedemo.com/inventory.html",
        "time" : {
          "start" : 1759413994099,
          "stop" : 1759413994099,
          "duration" : 0
        }
      } ]
    },
    "tags" : [ "smoke" ]
  },
  "source" : "219554e802f86c7b.json",
  "parameterValues" : [ ]
}