{
  "uid" : "b06dd93b4f17e174",
  "name" : "Purchase",
  "fullName" : "Tests.E2E_full_test.TestFullPurchase#test_purchase",
  "historyId" : "e9ba8d43b554fadfde2e7187192eb1c7",
  "time" : {
    "start" : 1759486247351,
    "stop" : 1759486247351,
    "duration" : 0
  },
  "status" : "broken",
  "statusMessage" : "RuntimeError: Failed to open page https://www.saucedemo.com/inventory.html",
  "statusTrace" : "self = <Pages.page_2_products.ProductsPage object at 0x7faaeece06e0>\n\n    def open_check(self):\n        try:\n            with allure.step(f'Check if {self.page_url} is open'):\n>               self.wait.until(EC.url_contains(self.page_url))\n\nBase/Base_page.py:18: \n_ _ _ _ _ _ _ _ _ _ _ _ _ _ _ _ _ _ _ _ _ _ _ _ _ _ _ _ _ _ _ _ _ _ _ _ _ _ _ _ \n\nself = <selenium.webdriver.support.wait.WebDriverWait (session=\"8971b116933fd43ce0986aad5b55fc94\")>\nmethod = <function url_contains.<locals>._predicate at 0x7faaef420540>\nmessage = ''\n\n    def until(self, method: Callable[[D], Union[Literal[False], T]], message: str = \"\") -> T:\n        \"\"\"Wait until the method returns a value that is not False.\n    \n        Calls the method provided with the driver as an argument until the\n        return value does not evaluate to ``False``.\n    \n        Parameters:\n        -----------\n        method: callable(WebDriver)\n            - A callable object that takes a WebDriver instance as an argument.\n    \n        message: str\n            - Optional message for :exc:`TimeoutException`\n    \n        Return:\n        -------\n        object: T\n            - The result of the last call to `method`\n    \n        Raises:\n        -------\n        TimeoutException\n            - If 'method' does not return a truthy value within the WebDriverWait\n            object's timeout\n    \n        Example:\n        --------\n        >>> from selenium.webdriver.common.by import By\n        >>> from selenium.webdriver.support.ui import WebDriverWait\n        >>> from selenium.webdriver.support import expected_conditions as EC\n    \n        # Wait until an element is visible on the page\n        >>> wait = WebDriverWait(driver, 10)\n        >>> element = wait.until(EC.visibility_of_element_located((By.ID, \"exampleId\")))\n        >>> print(element.text)\n        \"\"\"\n        screen = None\n        stacktrace = None\n    \n        end_time = time.monotonic() + self._timeout\n        while True:\n            try:\n                value = method(self._driver)\n                if value:\n                    return value\n            except self._ignored_exceptions as exc:\n                screen = getattr(exc, \"screen\", None)\n                stacktrace = getattr(exc, \"stacktrace\", None)\n            if time.monotonic() > end_time:\n                break\n            time.sleep(self._poll)\n>       raise TimeoutException(message, screen, stacktrace)\nE       selenium.common.exceptions.TimeoutException: Message:\n\n../local/lib/python3.12/site-packages/selenium/webdriver/support/wait.py:138: TimeoutException\n\nThe above exception was the direct cause of the following exception:\n\nprepare_login = <class 'Tests.E2E_full_test.TestFullPurchase'>\n\n    @pytest.fixture\n    def prepare_checkout(prepare_login):\n    \n        prepare_checkout = prepare_login\n    \n>       prepare_checkout.products_page.open_check()\n\nTests/conftest.py:64: \n_ _ _ _ _ _ _ _ _ _ _ _ _ _ _ _ _ _ _ _ _ _ _ _ _ _ _ _ _ _ _ _ _ _ _ _ _ _ _ _ \n\nself = <Pages.page_2_products.ProductsPage object at 0x7faaeece06e0>\n\n    def open_check(self):\n        try:\n            with allure.step(f'Check if {self.page_url} is open'):\n                self.wait.until(EC.url_contains(self.page_url))\n        except Exception as e:\n            allure.attach(self.driver.get_screenshot_as_png(),\n                          name=\"Page_load_error\",\n                          attachment_type=allure.attachment_type.PNG)\n>           raise RuntimeError(f\"Failed to open page {self.page_url}\") from e\nE           RuntimeError: Failed to open page https://www.saucedemo.com/inventory.html\n\nBase/Base_page.py:23: RuntimeError",
  "flaky" : false,
  "newFailed" : false,
  "beforeStages" : [ {
    "name" : "base_url",
    "time" : {
      "start" : 1759486247352,
      "stop" : 1759486247352,
      "duration" : 0
    },
    "status" : "passed",
    "steps" : [ ],
    "attachments" : [ ],
    "parameters" : [ ],
    "stepsCount" : 0,
    "attachmentsCount" : 0,
    "shouldDisplayMessage" : false,
    "hasContent" : false
  }, {
    "name" : "prepare_checkout",
    "time" : {
      "start" : 1759486248164,
      "stop" : 1759486258308,
      "duration" : 10144
    },
    "status" : "broken",
    "statusMessage" : "RuntimeError: Failed to open page https://www.saucedemo.com/inventory.html\n",
    "statusTrace" : "  File \"/usr/local/lib/python3.12/site-packages/pluggy/_callers.py\", line 38, in run_old_style_hookwrapper\n    res = yield\n          ^^^^^\n  File \"/usr/local/lib/python3.12/site-packages/pluggy/_callers.py\", line 139, in _multicall\n    teardown.throw(exception)\n  File \"/usr/local/lib/python3.12/site-packages/_pytest/setuponly.py\", line 36, in pytest_fixture_setup\n    return (yield)\n            ^^^^^\n  File \"/usr/local/lib/python3.12/site-packages/pluggy/_callers.py\", line 121, in _multicall\n    res = hook_impl.function(*args)\n          ^^^^^^^^^^^^^^^^^^^^^^^^^\n  File \"/usr/local/lib/python3.12/site-packages/_pytest/fixtures.py\", line 1195, in pytest_fixture_setup\n    result = call_fixture_func(fixturefunc, request, kwargs)\n             ^^^^^^^^^^^^^^^^^^^^^^^^^^^^^^^^^^^^^^^^^^^^^^^\n  File \"/usr/local/lib/python3.12/site-packages/_pytest/fixtures.py\", line 929, in call_fixture_func\n    fixture_result = fixturefunc(**kwargs)\n                     ^^^^^^^^^^^^^^^^^^^^^\n  File \"/usr/workspace/Tests/conftest.py\", line 64, in prepare_checkout\n    prepare_checkout.products_page.open_check()\n  File \"/usr/workspace/Base/Base_page.py\", line 23, in open_check\n    raise RuntimeError(f\"Failed to open page {self.page_url}\") from e\n",
    "steps" : [ {
      "name" : "Check if https://www.saucedemo.com/inventory.html is open",
      "time" : {
        "start" : 1759486248165,
        "stop" : 1759486258246,
        "duration" : 10081
      },
      "status" : "broken",
      "statusMessage" : "selenium.common.exceptions.TimeoutException: Message: \n\n",
      "statusTrace" : "  File \"/usr/workspace/Base/Base_page.py\", line 18, in open_check\n    self.wait.until(EC.url_contains(self.page_url))\n  File \"/usr/local/lib/python3.12/site-packages/selenium/webdriver/support/wait.py\", line 138, in until\n    raise TimeoutException(message, screen, stacktrace)\n",
      "steps" : [ ],
      "attachments" : [ ],
      "parameters" : [ ],
      "stepsCount" : 0,
      "attachmentsCount" : 0,
      "shouldDisplayMessage" : true,
      "hasContent" : true
    } ],
    "attachments" : [ {
      "uid" : "a74cece1678782",
      "name" : "Page_load_error",
      "source" : "a74cece1678782.png",
      "type" : "image/png",
      "size" : 36116
    } ],
    "parameters" : [ ],
    "stepsCount" : 1,
    "attachmentsCount" : 1,
    "shouldDisplayMessage" : true,
    "hasContent" : true
  }, {
    "name" : "driver",
    "time" : {
      "start" : 1759486247353,
      "stop" : 1759486247725,
      "duration" : 372
    },
    "status" : "passed",
    "steps" : [ ],
    "attachments" : [ ],
    "parameters" : [ ],
    "stepsCount" : 0,
    "attachmentsCount" : 0,
    "shouldDisplayMessage" : false,
    "hasContent" : false
  }, {
    "name" : "_verify_url",
    "time" : {
      "start" : 1759486247352,
      "stop" : 1759486247352,
      "duration" : 0
    },
    "status" : "passed",
    "steps" : [ ],
    "attachments" : [ ],
    "parameters" : [ ],
    "stepsCount" : 0,
    "attachmentsCount" : 0,
    "shouldDisplayMessage" : false,
    "hasContent" : false
  }, {
    "name" : "prepare_login",
    "time" : {
      "start" : 1759486247725,
      "stop" : 1759486248164,
      "duration" : 439
    },
    "status" : "passed",
    "steps" : [ {
      "name" : "Open page https://www.saucedemo.com/",
      "time" : {
        "start" : 1759486247725,
        "stop" : 1759486247923,
        "duration" : 198
      },
      "status" : "passed",
      "steps" : [ ],
      "attachments" : [ ],
      "parameters" : [ ],
      "stepsCount" : 0,
      "attachmentsCount" : 0,
      "shouldDisplayMessage" : false,
      "hasContent" : false
    }, {
      "name" : "Check if https://www.saucedemo.com/ is open",
      "time" : {
        "start" : 1759486247924,
        "stop" : 1759486247936,
        "duration" : 12
      },
      "status" : "passed",
      "steps" : [ ],
      "attachments" : [ ],
      "parameters" : [ ],
      "stepsCount" : 0,
      "attachmentsCount" : 0,
      "shouldDisplayMessage" : false,
      "hasContent" : false
    }, {
      "name" : "Enter login",
      "time" : {
        "start" : 1759486247936,
        "stop" : 1759486248018,
        "duration" : 82
      },
      "status" : "passed",
      "steps" : [ ],
      "attachments" : [ ],
      "parameters" : [ {
        "name" : "login",
        "value" : "''"
      } ],
      "stepsCount" : 0,
      "attachmentsCount" : 0,
      "shouldDisplayMessage" : false,
      "hasContent" : true
    }, {
      "name" : "Enter password",
      "time" : {
        "start" : 1759486248018,
        "stop" : 1759486248082,
        "duration" : 64
      },
      "status" : "passed",
      "steps" : [ ],
      "attachments" : [ ],
      "parameters" : [ {
        "name" : "password",
        "value" : "''"
      } ],
      "stepsCount" : 0,
      "attachmentsCount" : 0,
      "shouldDisplayMessage" : false,
      "hasContent" : true
    }, {
      "name" : "Click submit button",
      "time" : {
        "start" : 1759486248082,
        "stop" : 1759486248164,
        "duration" : 82
      },
      "status" : "passed",
      "steps" : [ ],
      "attachments" : [ ],
      "parameters" : [ ],
      "stepsCount" : 0,
      "attachmentsCount" : 0,
      "shouldDisplayMessage" : false,
      "hasContent" : false
    } ],
    "attachments" : [ ],
    "parameters" : [ ],
    "stepsCount" : 5,
    "attachmentsCount" : 0,
    "shouldDisplayMessage" : false,
    "hasContent" : true
  }, {
    "name" : "event_loop_policy",
    "time" : {
      "start" : 1759486247353,
      "stop" : 1759486247353,
      "duration" : 0
    },
    "status" : "passed",
    "steps" : [ ],
    "attachments" : [ ],
    "parameters" : [ ],
    "stepsCount" : 0,
    "attachmentsCount" : 0,
    "shouldDisplayMessage" : false,
    "hasContent" : false
  }, {
    "name" : "setup",
    "time" : {
      "start" : 1759486247725,
      "stop" : 1759486247725,
      "duration" : 0
    },
    "status" : "passed",
    "steps" : [ ],
    "attachments" : [ ],
    "parameters" : [ ],
    "stepsCount" : 0,
    "attachmentsCount" : 0,
    "shouldDisplayMessage" : false,
    "hasContent" : false
  } ],
  "afterStages" : [ {
    "name" : "driver::0",
    "time" : {
      "start" : 1759486258346,
      "stop" : 1759486258410,
      "duration" : 64
    },
    "status" : "passed",
    "steps" : [ ],
    "attachments" : [ ],
    "parameters" : [ ],
    "stepsCount" : 0,
    "attachmentsCount" : 0,
    "shouldDisplayMessage" : false,
    "hasContent" : false
  } ],
  "labels" : [ {
    "name" : "severity",
    "value" : "Blocker"
  }, {
    "name" : "feature",
    "value" : "E2E test for purchase"
  }, {
    "name" : "tag",
    "value" : "regression"
  }, {
    "name" : "parentSuite",
    "value" : "Tests"
  }, {
    "name" : "suite",
    "value" : "E2E_full_test"
  }, {
    "name" : "subSuite",
    "value" : "TestFullPurchase"
  }, {
    "name" : "host",
    "value" : "a53c62644d75"
  }, {
    "name" : "thread",
    "value" : "8-MainThread"
  }, {
    "name" : "framework",
    "value" : "pytest"
  }, {
    "name" : "language",
    "value" : "cpython3"
  }, {
    "name" : "package",
    "value" : "Tests.E2E_full_test"
  }, {
    "name" : "resultFormat",
    "value" : "allure2"
  } ],
  "parameters" : [ ],
  "links" : [ ],
  "hidden" : false,
  "retry" : false,
  "extra" : {
    "severity" : "blocker",
    "retries" : [ ],
    "categories" : [ {
      "name" : "Test defects",
      "matchedStatuses" : [ ],
      "flaky" : false
    } ],
    "history" : {
      "statistic" : {
        "failed" : 0,
        "broken" : 4,
        "skipped" : 0,
        "passed" : 0,
        "unknown" : 0,
        "total" : 4
      },
      "items" : [ {
        "uid" : "a5f7e740bd3c285f",
        "status" : "broken",
        "statusDetails" : "RuntimeError: Failed to open page https://www.saucedemo.com/inventory.html",
        "time" : {
          "start" : 1759417304501,
          "stop" : 1759417304501,
          "duration" : 0
        }
      }, {
        "uid" : "da1fb8a69904533d",
        "status" : "broken",
        "statusDetails" : "RuntimeError: Failed to open page https://www.saucedemo.com/inventory.html",
        "time" : {
          "start" : 1759414337770,
          "stop" : 1759414337770,
          "duration" : 0
        }
      }, {
        "uid" : "eefcf6ebdb9963eb",
        "status" : "broken",
        "statusDetails" : "RuntimeError: Failed to open page https://www.saucedemo.com/inventory.html",
        "time" : {
          "start" : 1759413382878,
          "stop" : 1759413382878,
          "duration" : 0
        }
      } ]
    },
    "tags" : [ "regression" ]
  },
  "source" : "b06dd93b4f17e174.json",
  "parameterValues" : [ ]
}