{
  "uid" : "f336568a9d43d950",
  "name" : "test_checkout[Checkout test 1]",
  "fullName" : "Tests.checkout_test.TestCheckout#test_checkout",
  "historyId" : "9f66af34ffbe0204806a77f0f8b5fe38",
  "time" : {
    "start" : 1759413484376,
    "stop" : 1759413484376,
    "duration" : 0
  },
  "status" : "broken",
  "statusMessage" : "RuntimeError: Failed to open page https://www.saucedemo.com/inventory.html",
  "statusTrace" : "self = <Pages.page_2_products.ProductsPage object at 0x7f9c92eaab10>\n\n    def open_check(self):\n        try:\n            with allure.step(f'Check if {self.page_url} is open'):\n>               self.wait.until(EC.url_contains(self.page_url))\n\nBase/Base_page.py:18: \n_ _ _ _ _ _ _ _ _ _ _ _ _ _ _ _ _ _ _ _ _ _ _ _ _ _ _ _ _ _ _ _ _ _ _ _ _ _ _ _ \n\nself = <selenium.webdriver.support.wait.WebDriverWait (session=\"a1e273a78c195a6cea9648b3b4055be8\")>\nmethod = <function url_contains.<locals>._predicate at 0x7f9c92d41080>\nmessage = ''\n\n    def until(self, method: Callable[[D], Union[Literal[False], T]], message: str = \"\") -> T:\n        \"\"\"Wait until the method returns a value that is not False.\n    \n        Calls the method provided with the driver as an argument until the\n        return value does not evaluate to ``False``.\n    \n        Parameters:\n        -----------\n        method: callable(WebDriver)\n            - A callable object that takes a WebDriver instance as an argument.\n    \n        message: str\n            - Optional message for :exc:`TimeoutException`\n    \n        Return:\n        -------\n        object: T\n            - The result of the last call to `method`\n    \n        Raises:\n        -------\n        TimeoutException\n            - If 'method' does not return a truthy value within the WebDriverWait\n            object's timeout\n    \n        Example:\n        --------\n        >>> from selenium.webdriver.common.by import By\n        >>> from selenium.webdriver.support.ui import WebDriverWait\n        >>> from selenium.webdriver.support import expected_conditions as EC\n    \n        # Wait until an element is visible on the page\n        >>> wait = WebDriverWait(driver, 10)\n        >>> element = wait.until(EC.visibility_of_element_located((By.ID, \"exampleId\")))\n        >>> print(element.text)\n        \"\"\"\n        screen = None\n        stacktrace = None\n    \n        end_time = time.monotonic() + self._timeout\n        while True:\n            try:\n                value = method(self._driver)\n                if value:\n                    return value\n            except self._ignored_exceptions as exc:\n                screen = getattr(exc, \"screen\", None)\n                stacktrace = getattr(exc, \"stacktrace\", None)\n            if time.monotonic() > end_time:\n                break\n            time.sleep(self._poll)\n>       raise TimeoutException(message, screen, stacktrace)\nE       selenium.common.exceptions.TimeoutException: Message:\n\n../local/lib/python3.12/site-packages/selenium/webdriver/support/wait.py:138: TimeoutException\n\nThe above exception was the direct cause of the following exception:\n\nrequest = <SubRequest 'prepare_login' for <Function test_checkout[Checkout test 1]>>\n\n    @pytest.fixture\n    def prepare_login(request):\n    \n        prepare_login = request.cls\n    \n        prepare_login.login_page.open()\n        prepare_login.login_page.open_check()\n    \n        prepare_login.login_page.enter_login(Data.LOGIN)\n        prepare_login.login_page.enter_password(Data.PASSWORD)\n        prepare_login.login_page.click_submit()\n    \n>       prepare_login.products_page.open_check()\n\nTests/conftest.py:37: \n_ _ _ _ _ _ _ _ _ _ _ _ _ _ _ _ _ _ _ _ _ _ _ _ _ _ _ _ _ _ _ _ _ _ _ _ _ _ _ _ \n\nself = <Pages.page_2_products.ProductsPage object at 0x7f9c92eaab10>\n\n    def open_check(self):\n        try:\n            with allure.step(f'Check if {self.page_url} is open'):\n                self.wait.until(EC.url_contains(self.page_url))\n        except Exception as e:\n            allure.attach(self.driver.get_screenshot_as_png(),\n                          name=\"Page_load_error\",\n                          attachment_type=allure.attachment_type.PNG)\n>           raise RuntimeError(f\"Failed to open page {self.page_url}\") from e\nE           RuntimeError: Failed to open page https://www.saucedemo.com/inventory.html\n\nBase/Base_page.py:23: RuntimeError",
  "flaky" : false,
  "newFailed" : false,
  "beforeStages" : [ {
    "name" : "base_url",
    "time" : {
      "start" : 1759413382879,
      "stop" : 1759413382879,
      "duration" : 0
    },
    "status" : "passed",
    "steps" : [ ],
    "attachments" : [ ],
    "parameters" : [ ],
    "attachmentsCount" : 0,
    "shouldDisplayMessage" : false,
    "stepsCount" : 0,
    "hasContent" : false
  }, {
    "name" : "prepare_login",
    "time" : {
      "start" : 1759413484741,
      "stop" : 1759413585337,
      "duration" : 100596
    },
    "status" : "broken",
    "statusMessage" : "RuntimeError: Failed to open page https://www.saucedemo.com/inventory.html\n",
    "statusTrace" : "  File \"/usr/local/lib/python3.12/site-packages/pluggy/_callers.py\", line 38, in run_old_style_hookwrapper\n    res = yield\n          ^^^^^\n  File \"/usr/local/lib/python3.12/site-packages/pluggy/_callers.py\", line 139, in _multicall\n    teardown.throw(exception)\n  File \"/usr/local/lib/python3.12/site-packages/_pytest/setuponly.py\", line 36, in pytest_fixture_setup\n    return (yield)\n            ^^^^^\n  File \"/usr/local/lib/python3.12/site-packages/pluggy/_callers.py\", line 121, in _multicall\n    res = hook_impl.function(*args)\n          ^^^^^^^^^^^^^^^^^^^^^^^^^\n  File \"/usr/local/lib/python3.12/site-packages/_pytest/fixtures.py\", line 1195, in pytest_fixture_setup\n    result = call_fixture_func(fixturefunc, request, kwargs)\n             ^^^^^^^^^^^^^^^^^^^^^^^^^^^^^^^^^^^^^^^^^^^^^^^\n  File \"/usr/local/lib/python3.12/site-packages/_pytest/fixtures.py\", line 929, in call_fixture_func\n    fixture_result = fixturefunc(**kwargs)\n                     ^^^^^^^^^^^^^^^^^^^^^\n  File \"/usr/workspace/Tests/conftest.py\", line 37, in prepare_login\n    prepare_login.products_page.open_check()\n  File \"/usr/workspace/Base/Base_page.py\", line 23, in open_check\n    raise RuntimeError(f\"Failed to open page {self.page_url}\") from e\n",
    "steps" : [ {
      "name" : "Open page https://www.saucedemo.com/",
      "time" : {
        "start" : 1759413484741,
        "stop" : 1759413484913,
        "duration" : 172
      },
      "status" : "passed",
      "steps" : [ ],
      "attachments" : [ ],
      "parameters" : [ ],
      "attachmentsCount" : 0,
      "shouldDisplayMessage" : false,
      "stepsCount" : 0,
      "hasContent" : false
    }, {
      "name" : "Check if https://www.saucedemo.com/ is open",
      "time" : {
        "start" : 1759413484913,
        "stop" : 1759413484917,
        "duration" : 4
      },
      "status" : "passed",
      "steps" : [ ],
      "attachments" : [ ],
      "parameters" : [ ],
      "attachmentsCount" : 0,
      "shouldDisplayMessage" : false,
      "stepsCount" : 0,
      "hasContent" : false
    }, {
      "name" : "Enter login",
      "time" : {
        "start" : 1759413484917,
        "stop" : 1759413484984,
        "duration" : 67
      },
      "status" : "passed",
      "steps" : [ ],
      "attachments" : [ ],
      "parameters" : [ {
        "name" : "login",
        "value" : "''"
      } ],
      "attachmentsCount" : 0,
      "shouldDisplayMessage" : false,
      "stepsCount" : 0,
      "hasContent" : true
    }, {
      "name" : "Enter password",
      "time" : {
        "start" : 1759413484984,
        "stop" : 1759413485030,
        "duration" : 46
      },
      "status" : "passed",
      "steps" : [ ],
      "attachments" : [ ],
      "parameters" : [ {
        "name" : "password",
        "value" : "''"
      } ],
      "attachmentsCount" : 0,
      "shouldDisplayMessage" : false,
      "stepsCount" : 0,
      "hasContent" : true
    }, {
      "name" : "Click submit button",
      "time" : {
        "start" : 1759413485031,
        "stop" : 1759413485100,
        "duration" : 69
      },
      "status" : "passed",
      "steps" : [ ],
      "attachments" : [ ],
      "parameters" : [ ],
      "attachmentsCount" : 0,
      "shouldDisplayMessage" : false,
      "stepsCount" : 0,
      "hasContent" : false
    }, {
      "name" : "Check if https://www.saucedemo.com/inventory.html is open",
      "time" : {
        "start" : 1759413485100,
        "stop" : 1759413585224,
        "duration" : 100124
      },
      "status" : "broken",
      "statusMessage" : "selenium.common.exceptions.TimeoutException: Message: \n\n",
      "statusTrace" : "  File \"/usr/workspace/Base/Base_page.py\", line 18, in open_check\n    self.wait.until(EC.url_contains(self.page_url))\n  File \"/usr/local/lib/python3.12/site-packages/selenium/webdriver/support/wait.py\", line 138, in until\n    raise TimeoutException(message, screen, stacktrace)\n",
      "steps" : [ ],
      "attachments" : [ ],
      "parameters" : [ ],
      "attachmentsCount" : 0,
      "shouldDisplayMessage" : true,
      "stepsCount" : 0,
      "hasContent" : true
    } ],
    "attachments" : [ {
      "uid" : "350e04b5156e2856",
      "name" : "Page_load_error",
      "source" : "350e04b5156e2856.png",
      "type" : "image/png",
      "size" : 40661
    } ],
    "parameters" : [ ],
    "attachmentsCount" : 1,
    "shouldDisplayMessage" : true,
    "stepsCount" : 6,
    "hasContent" : true
  }, {
    "name" : "event_loop_policy",
    "time" : {
      "start" : 1759413382879,
      "stop" : 1759413382879,
      "duration" : 0
    },
    "status" : "passed",
    "steps" : [ ],
    "attachments" : [ ],
    "parameters" : [ ],
    "attachmentsCount" : 0,
    "shouldDisplayMessage" : false,
    "stepsCount" : 0,
    "hasContent" : false
  }, {
    "name" : "_verify_url",
    "time" : {
      "start" : 1759413382879,
      "stop" : 1759413382879,
      "duration" : 0
    },
    "status" : "passed",
    "steps" : [ ],
    "attachments" : [ ],
    "parameters" : [ ],
    "attachmentsCount" : 0,
    "shouldDisplayMessage" : false,
    "stepsCount" : 0,
    "hasContent" : false
  }, {
    "name" : "setup",
    "time" : {
      "start" : 1759413484741,
      "stop" : 1759413484741,
      "duration" : 0
    },
    "status" : "passed",
    "steps" : [ ],
    "attachments" : [ ],
    "parameters" : [ ],
    "attachmentsCount" : 0,
    "shouldDisplayMessage" : false,
    "stepsCount" : 0,
    "hasContent" : false
  }, {
    "name" : "driver",
    "time" : {
      "start" : 1759413484376,
      "stop" : 1759413484741,
      "duration" : 365
    },
    "status" : "passed",
    "steps" : [ ],
    "attachments" : [ ],
    "parameters" : [ ],
    "attachmentsCount" : 0,
    "shouldDisplayMessage" : false,
    "stepsCount" : 0,
    "hasContent" : false
  } ],
  "afterStages" : [ {
    "name" : "driver::0",
    "time" : {
      "start" : 1759413585346,
      "stop" : 1759413585425,
      "duration" : 79
    },
    "status" : "passed",
    "steps" : [ ],
    "attachments" : [ ],
    "parameters" : [ ],
    "attachmentsCount" : 0,
    "shouldDisplayMessage" : false,
    "stepsCount" : 0,
    "hasContent" : false
  } ],
  "labels" : [ {
    "name" : "severity",
    "value" : "Critical"
  }, {
    "name" : "feature",
    "value" : "Tests for checkout"
  }, {
    "name" : "tag",
    "value" : "smoke"
  }, {
    "name" : "parentSuite",
    "value" : "Tests"
  }, {
    "name" : "suite",
    "value" : "checkout_test"
  }, {
    "name" : "subSuite",
    "value" : "TestCheckout"
  }, {
    "name" : "host",
    "value" : "dab246fd52b2"
  }, {
    "name" : "thread",
    "value" : "1-MainThread"
  }, {
    "name" : "framework",
    "value" : "pytest"
  }, {
    "name" : "language",
    "value" : "cpython3"
  }, {
    "name" : "package",
    "value" : "Tests.checkout_test"
  }, {
    "name" : "resultFormat",
    "value" : "allure2"
  } ],
  "parameters" : [ {
    "name" : "lastname",
    "value" : "''"
  }, {
    "name" : "name",
    "value" : "''"
  }, {
    "name" : "post_code",
    "value" : "''"
  }, {
    "name" : "status",
    "value" : "False"
  } ],
  "links" : [ ],
  "hidden" : false,
  "retry" : false,
  "extra" : {
    "severity" : "critical",
    "retries" : [ ],
    "categories" : [ {
      "name" : "Test defects",
      "matchedStatuses" : [ ],
      "flaky" : false
    } ],
    "tags" : [ "smoke" ]
  },
  "source" : "f336568a9d43d950.json",
  "parameterValues" : [ "''", "''", "''", "False" ]
}